Report Physical info: 
------------------------+--------------------+-----------+------------
                        |                    |Area (squm)|Leakage (uW)
------------------------+--------------------+-----------+------------
Design Name             |HomeAutomationSystem|           |            
  Total Instances       |                  83|        129|       2.715
    Macros              |                   0|          0|       0.000
    Pads                |                   0|          0|       0.000
    Phys                |                   0|          0|       0.000
    Blackboxes          |                   0|          0|       0.000
    Cells               |                  83|        129|       2.715
      Buffers           |                   0|          0|       0.000
      Inverters         |                   6|          3|       0.086
      Clock-Gates       |                   0|          0|       0.000
      Combinational     |                  65|         72|       1.679
      Latches           |                   0|          0|       0.000
      FlipFlops         |                  12|         54|       0.949
       Single-Bit FF    |                  12|         54|       0.949
       Multi-Bit FF     |                   0|          0|       0.000
       Clock-Gated      |                   0|           |            
       Bits             |                  12|         54|       0.949
         Load-Enabled   |                   0|           |            
         Clock-Gated    |                   0|           |            
  Tristate Pin Count    |                   0|           |            
Physical Info           |Placed              |           |            
  Chip Size (mm x mm)   |0.075 x 0.075       |       5574|            
  Fixed Cell Area       |                    |          0|            
    Phys Only           |                   0|          0|            
  Placeable Area        |                    |        205|            
  Movable Cell Area     |                    |        129|            
  Utilization (%)       |                  62|           |            
  Chip Utilization (%)  |                  62|           |            
  Total Wire Length (mm)|               0.866|           |            
  Longest Wire (mm)     |               0.038|           |            
  Average Wire (mm)     |               0.038|           |            
------------------------+--------------------+-----------+------------
