warning: No library characterized for (process = 1.00 voltage = 0.85 temperature = 25.00) can be found in the database for power domain '/PD_TOP'  [NL-174]
Report Power (instances with prefix '*' are included in total) : 
-----+-----------------+--------------------+---------------------+-------------------+-----------------
     | Instance        | Internal Power(uw) | Switching Power(uw) | Leakage Power(uw) | Total Power(uw) 
-----+-----------------+--------------------+---------------------+-------------------+-----------------
1    |*display_reg[2]  |            1.091885|             1.152374|           0.079112|         2.323371
2    |*display_reg[1]  |            1.084189|             1.141904|           0.079112|         2.305205
3    |*display_reg[0]  |            1.639467|             1.727777|           0.079112|         3.446355
4    |*heater_reg      |            0.201523|             0.212687|           0.079112|         0.493322
5    |*cooler_reg      |            0.696192|             0.735262|           0.079112|         1.510567
6    |*alarmbuzz_reg   |            0.416814|             0.440205|           0.079112|         0.936132
7    |*winbuzz_reg     |            0.508679|             0.536997|           0.079112|         1.124789
8    |*rdoor_reg       |            0.508308|             0.536284|           0.079112|         1.123705
9    |*fdoor_reg       |            0.666644|             0.704237|           0.079112|         1.449993
10   |*nextCheck_reg[2]|            1.843218|             6.942299|           0.079112|         8.864629
11   |*nextCheck_reg[1]|            2.092032|            11.700386|           0.079112|        13.871530
12   |*nextCheck_reg[0]|            2.211153|             8.145799|           0.079112|        10.436064
13   |*i_0_0_0         |            1.369461|             1.091965|           0.061230|         2.522656
14   |*i_0_0_1         |            0.348245|             0.279080|           0.021200|         0.648525
15   |*i_0_0_2         |            0.831242|             0.874311|           0.032612|         1.738166
16   |*i_0_0_3         |            0.544220|             0.483379|           0.026733|         1.054332
17   |*i_0_0_4         |            0.529802|             0.290812|           0.022619|         0.843233
18   |*i_0_0_5         |            0.363395|             0.522473|           0.022619|         0.908488
19   |*i_0_0_6         |            0.545559|             0.765434|           0.032612|         1.343604
20   |*i_0_0_7         |            0.699280|             0.898124|           0.032612|         1.630016
21   |*i_0_0_8         |            0.489156|             0.784401|           0.018105|         1.291662
22   |*i_0_0_9         |            0.340420|             0.623602|           0.027858|         0.991880
23   |*i_0_0_10        |            0.505891|             0.266891|           0.034566|         0.807348
24   |*i_0_0_11        |            0.607036|             0.672087|           0.026832|         1.305954
25   |*i_0_0_12        |            0.305827|             0.258911|           0.018127|         0.582865
26   |*i_0_0_13        |            0.185622|             0.248684|           0.018105|         0.452410
27   |*i_0_0_14        |            0.537568|             0.664536|           0.036441|         1.238546
28   |*i_0_0_15        |            0.612747|             1.290359|           0.041741|         1.944847
29   |*i_0_0_16        |            0.216736|             0.125524|           0.026832|         0.369092
30   |*i_0_0_17        |            0.101948|             0.056935|           0.026832|         0.185714
31   |*i_0_0_18        |            0.365572|             0.524684|           0.032612|         0.922867
32   |*i_0_0_19        |            0.133562|             0.058150|           0.025066|         0.216777
33   |*i_0_0_20        |            0.039527|             0.016521|           0.025066|         0.081114
34   |*i_0_0_21        |            0.175155|             0.261607|           0.032601|         0.469363
35   |*i_0_0_22        |            0.536723|             0.336211|           0.034026|         0.906960
36   |*i_0_0_23        |            0.475662|             0.737606|           0.022619|         1.235888
37   |*i_0_0_24        |            0.155633|             0.889888|           0.021200|         1.066721
38   |*i_0_0_25        |            0.677329|             0.909554|           0.032612|         1.619494
39   |*i_0_0_26        |            0.428118|             0.599331|           0.034566|         1.062014
40   |*i_0_0_27        |            0.188882|             0.262105|           0.026481|         0.477469
41   |*i_0_0_28        |            0.240409|             0.819539|           0.021200|         1.081148
42   |*i_0_0_29        |            0.649820|             1.753532|           0.032612|         2.435964
43   |*i_0_0_30        |            0.404105|             0.200181|           0.032601|         0.636888
44   |*i_0_0_31        |            0.396048|             0.261040|           0.027858|         0.684947
45   |*i_0_0_32        |            0.415201|             0.760717|           0.021200|         1.197118
46   |*i_0_0_33        |            0.720295|             1.958661|           0.025066|         2.704023
47   |*i_0_0_34        |            0.155507|             0.698821|           0.032601|         0.886930
48   |*i_0_0_35        |            0.479837|             2.410772|           0.017393|         2.908002
49   |*i_0_0_36        |            0.209468|             0.141147|           0.027858|         0.378474
50   |*i_0_0_37        |            0.434299|             0.926164|           0.017393|         1.377856
51   |*i_0_0_38        |            0.492759|             0.913693|           0.021200|         1.427652
52   |*i_0_0_39        |            0.437146|             3.312405|           0.021200|         3.770751
53   |*i_0_0_40        |            0.302741|             3.187785|           0.021200|         3.511725
54   |*i_0_0_41        |            0.107682|             0.082334|           0.021200|         0.211215
55   |*i_0_0_42        |            0.555201|             1.779414|           0.017393|         2.352009
56   |*i_0_0_43        |            0.429806|             1.598827|           0.018127|         2.046759
57   |*i_0_0_44        |            0.470184|             2.343662|           0.026832|         2.840678
58   |*i_0_0_45        |            0.415912|             0.923050|           0.021200|         1.360162
59   |*i_0_0_46        |            0.765091|             0.906797|           0.022619|         1.694507
60   |*i_0_0_47        |            0.433647|             2.397138|           0.017393|         2.848178
61   |*i_0_0_48        |            0.329130|             2.602218|           0.017393|         2.948741
62   |*i_0_0_49        |            0.619744|             4.854287|           0.026832|         5.500863
63   |*i_0_0_50        |            0.425669|             3.554852|           0.021200|         4.001720
64   |*i_0_0_51        |            0.450396|             4.639930|           0.021200|         5.111526
65   |*i_0_0_52        |            0.813909|             5.460705|           0.021200|         6.295814
66   |*i_0_0_53        |            0.078462|             0.085496|           0.032601|         0.196560
67   |*i_0_0_54        |            0.426970|             0.806431|           0.024415|         1.257815
68   |*i_0_0_55        |            0.794785|             1.085276|           0.021200|         1.901261
69   |*i_0_0_56        |            0.989721|             2.583767|           0.022695|         3.596183
70   |*i_0_0_57        |            0.817253|             3.316669|           0.027858|         4.161780
71   |*i_0_0_58        |            0.313968|             0.341335|           0.032601|         0.687904
72   |*i_0_0_59        |            0.549525|             0.651865|           0.018105|         1.219496
73   |*i_0_0_60        |            0.628713|             3.187512|           0.026832|         3.843057
74   |*i_0_0_61        |            0.496893|             0.936725|           0.021200|         1.454818
75   |*i_0_0_62        |            0.854800|             1.081072|           0.017393|         1.953265
76   |*i_0_0_63        |            0.501496|             0.650184|           0.026832|         1.178512
77   |*i_0_0_64        |            0.797830|             1.032332|           0.021200|         1.851361
78   |*i_0_0_65        |            0.931198|             2.884271|           0.014353|         3.829823
79   |*i_0_0_66        |            0.884797|             3.685316|           0.014353|         4.584466
80   |*i_0_0_67        |            0.929219|             2.918443|           0.014353|         3.862015
81   |*i_0_0_68        |            0.245766|             2.953602|           0.014353|         3.213721
82   |*i_0_0_69        |            0.232724|             1.414260|           0.014353|         1.661337
83   |*i_0_0_70        |            0.204899|             2.352716|           0.014353|         2.571968
84   |                 |                    |                     |                   |                 
85   |*TOTAL           |           47.103439|           129.224319|           2.714892|       179.042664
-----+-----------------+--------------------+---------------------+-------------------+-----------------
